playertest3/build/outputs/logs/manifest-merger-debug-report.txt
-- Merging decision tree log ---
manifest
ADDED from src\main\AndroidManifest.xml:2:1-172:12
	package
		ADDED from src\main\AndroidManifest.xml:4:5-28
		INJECTED from src\main\AndroidManifest.xml
		INJECTED from src\main\AndroidManifest.xml
	android:versionName
		ADDED from src\main\AndroidManifest.xml:6:5-30
		INJECTED from src\main\AndroidManifest.xml
		INJECTED from src\main\AndroidManifest.xml
	xmlns:tools
		ADDED from src\main\AndroidManifest.xml:3:5-51
	android:versionCode
		ADDED from src\main\AndroidManifest.xml:5:5-28
		INJECTED from src\main\AndroidManifest.xml
		INJECTED from src\main\AndroidManifest.xml
	xmlns:android
		ADDED from src\main\AndroidManifest.xml:2:11-69
uses-sdk
ADDED from src\main\AndroidManifest.xml:8:5-10:41
MERGED from [LePlayerTest3:DanmakuFlameMaster:unspecified] AndroidManifest.xml:22:5-24:41
MERGED from [com.android.support:appcompat-v7:23.2.1] AndroidManifest.xml:21:5-23:78
MERGED from [com.android.support:support-v4:23.2.1] AndroidManifest.xml:20:5-43
MERGED from [com.android.support:animated-vector-drawable:23.2.1] AndroidManifest.xml:5:5-44
MERGED from [com.android.support:support-vector-drawable:23.2.1] AndroidManifest.xml:5:5-43
MERGED from [com.android.support:support-v4:23.2.1] AndroidManifest.xml:20:5-43
MERGED from [com.android.support:support-vector-drawable:23.2.1] AndroidManifest.xml:5:5-43
MERGED from [com.android.support:support-v4:23.2.1] AndroidManifest.xml:20:5-43
MERGED from [LePlayerTest3:autobahn:unspecified] AndroidManifest.xml:7:5-9:40
	tools:overrideLibrary
		ADDED from [com.android.support:appcompat-v7:23.2.1] AndroidManifest.xml:23:9-75
	android:targetSdkVersion
		ADDED from src\main\AndroidManifest.xml:10:9-38
		INJECTED from src\main\AndroidManifest.xml
		INJECTED from src\main\AndroidManifest.xml
	android:minSdkVersion
		ADDED from src\main\AndroidManifest.xml:9:9-35
		INJECTED from src\main\AndroidManifest.xml
		INJECTED from src\main\AndroidManifest.xml
uses-permission#android.permission.VIBRATE
ADDED from src\main\AndroidManifest.xml:11:5-66
	android:name
		ADDED from src\main\AndroidManifest.xml:11:22-63
uses-permission#android.permission.READ_LOGS
ADDED from src\main\AndroidManifest.xml:12:5-68
	android:name
		ADDED from src\main\AndroidManifest.xml:12:22-65
uses-permission#android.permission.WRITE_EXTERNAL_STORAGE
ADDED from src\main\AndroidManifest.xml:13:5-81
	android:name
		ADDED from src\main\AndroidManifest.xml:13:22-78
uses-permission#android.permission.READ_EXTERNAL_STORAGE
ADDED from src\main\AndroidManifest.xml:14:5-80
	android:name
		ADDED from src\main\AndroidManifest.xml:14:22-77
uses-permission#android.permission.FLASHLIGHT
ADDED from src\main\AndroidManifest.xml:15:5-69
	android:name
		ADDED from src\main\AndroidManifest.xml:15:22-66
uses-permission#android.permission.READ_PHONE_STATE
ADDED from src\main\AndroidManifest.xml:17:5-75
	android:name
		ADDED from src\main\AndroidManifest.xml:17:22-72
uses-permission#android.permission.ACCESS_FINE_LOCATION
ADDED from src\main\AndroidManifest.xml:18:5-79
	android:name
		ADDED from src\main\AndroidManifest.xml:18:22-76
uses-permission#android.permission.ACCESS_WIFI_STATE
ADDED from src\main\AndroidManifest.xml:19:5-76
	android:name
		ADDED from src\main\AndroidManifest.xml:19:22-73
uses-permission#android.permission.GET_TASKS
ADDED from src\main\AndroidManifest.xml:20:5-68
	android:name
		ADDED from src\main\AndroidManifest.xml:20:22-65
uses-permission#android.permission.INTERNET
ADDED from src\main\AndroidManifest.xml:21:5-67
	android:name
		ADDED from src\main\AndroidManifest.xml:21:22-64
uses-permission#android.permission.ACCESS_NETWORK_STATE
ADDED from src\main\AndroidManifest.xml:22:5-79
	android:name
		ADDED from src\main\AndroidManifest.xml:22:22-76
uses-permission#android.permission.ACCESS_COARSE_LOCATION
ADDED from src\main\AndroidManifest.xml:23:5-81
	android:name
		ADDED from src\main\AndroidManifest.xml:23:22-78
uses-permission#android.permission.RECEIVE_USER_PRESENT
ADDED from src\main\AndroidManifest.xml:24:5-79
	android:name
		ADDED from src\main\AndroidManifest.xml:24:22-76
uses-permission#android.permission.WRITE_SETTINGS
ADDED from src\main\AndroidManifest.xml:25:5-72
	android:name
		ADDED from src\main\AndroidManifest.xml:25:22-70
application
ADDED from src\main\AndroidManifest.xml:27:5-170:19
MERGED from [com.android.support:appcompat-v7:23.2.1] AndroidManifest.xml:25:5-20
MERGED from [com.android.support:support-v4:23.2.1] AndroidManifest.xml:22:5-20
MERGED from [com.android.support:animated-vector-drawable:23.2.1] AndroidManifest.xml:7:5-20
MERGED from [com.android.support:support-vector-drawable:23.2.1] AndroidManifest.xml:7:5-20
MERGED from [com.android.support:support-v4:23.2.1] AndroidManifest.xml:22:5-20
MERGED from [com.android.support:support-vector-drawable:23.2.1] AndroidManifest.xml:7:5-20
MERGED from [com.android.support:support-v4:23.2.1] AndroidManifest.xml:22:5-20
MERGED from [LePlayerTest3:autobahn:unspecified] AndroidManifest.xml:11:5-45
	android:label
		ADDED from src\main\AndroidManifest.xml:31:9-41
		REJECTED from [LePlayerTest3:autobahn:unspecified] AndroidManifest.xml:11:18-42
	android:allowBackup
		ADDED from src\main\AndroidManifest.xml:29:9-35
	android:icon
		ADDED from src\main\AndroidManifest.xml:30:9-45
	android:theme
		ADDED from src\main\AndroidManifest.xml:33:9-44
	tools:replace
		ADDED from src\main\AndroidManifest.xml:32:9-38
	android:name
		ADDED from src\main\AndroidManifest.xml:28:9-53
activity#com.example.test.activity.HomeActivity
ADDED from src\main\AndroidManifest.xml:34:9-45:20
	android:screenOrientation
		ADDED from src\main\AndroidManifest.xml:38:13-49
	android:label
		ADDED from src\main\AndroidManifest.xml:37:13-45
	android:configChanges
		ADDED from src\main\AndroidManifest.xml:36:13-84
	android:theme
		ADDED from src\main\AndroidManifest.xml:39:13-60
	android:name
		ADDED from src\main\AndroidManifest.xml:35:13-66
intent-filter#android.intent.action.MAIN+android.intent.category.LAUNCHER
ADDED from src\main\AndroidManifest.xml:40:13-44:29
action#android.intent.action.MAIN
ADDED from src\main\AndroidManifest.xml:41:17-69
	android:name
		ADDED from src\main\AndroidManifest.xml:41:25-66
category#android.intent.category.LAUNCHER
ADDED from src\main\AndroidManifest.xml:43:17-77
	android:name
		ADDED from src\main\AndroidManifest.xml:43:27-74
activity#com.example.test.activity.VodActivity
ADDED from src\main\AndroidManifest.xml:46:9-52:20
	android:screenOrientation
		ADDED from src\main\AndroidManifest.xml:50:13-49
	android:label
		ADDED from src\main\AndroidManifest.xml:49:13-45
	android:configChanges
		ADDED from src\main\AndroidManifest.xml:48:13-84
	android:theme
		ADDED from src\main\AndroidManifest.xml:51:13-60
	android:name
		ADDED from src\main\AndroidManifest.xml:47:13-65
activity#com.example.test.activity.MobilePlayActivity
ADDED from src\main\AndroidManifest.xml:53:9-59:20
	android:screenOrientation
		ADDED from src\main\AndroidManifest.xml:57:13-49
	android:label
		ADDED from src\main\AndroidManifest.xml:56:13-45
	android:configChanges
		ADDED from src\main\AndroidManifest.xml:55:13-84
	android:theme
		ADDED from src\main\AndroidManifest.xml:58:13-60
	android:name
		ADDED from src\main\AndroidManifest.xml:54:13-72
activity#com.example.test.activity.SDKDescriptionDocActivity
ADDED from src\main\AndroidManifest.xml:60:10-66:20
	android:screenOrientation
		ADDED from src\main\AndroidManifest.xml:64:13-49
	android:label
		ADDED from src\main\AndroidManifest.xml:63:13-45
	android:configChanges
		ADDED from src\main\AndroidManifest.xml:62:13-84
	android:theme
		ADDED from src\main\AndroidManifest.xml:65:13-60
	android:name
		ADDED from src\main\AndroidManifest.xml:61:13-79
activity#com.example.test.activity.ActivePlayActivity
ADDED from src\main\AndroidManifest.xml:67:9-73:20
	android:screenOrientation
		ADDED from src\main\AndroidManifest.xml:71:13-49
	android:label
		ADDED from src\main\AndroidManifest.xml:70:13-45
	android:configChanges
		ADDED from src\main\AndroidManifest.xml:69:13-84
	android:theme
		ADDED from src\main\AndroidManifest.xml:72:13-60
	android:name
		ADDED from src\main\AndroidManifest.xml:68:13-72
activity#com.example.test.activity.OtherActivity
ADDED from src\main\AndroidManifest.xml:74:10-80:20
	android:screenOrientation
		ADDED from src\main\AndroidManifest.xml:78:13-49
	android:label
		ADDED from src\main\AndroidManifest.xml:77:13-45
	android:configChanges
		ADDED from src\main\AndroidManifest.xml:76:13-84
	android:theme
		ADDED from src\main\AndroidManifest.xml:79:13-60
	android:name
		ADDED from src\main\AndroidManifest.xml:75:13-67
activity#com.example.test.activity.LiveActivity
ADDED from src\main\AndroidManifest.xml:81:10-87:20
	android:screenOrientation
		ADDED from src\main\AndroidManifest.xml:85:13-49
	android:label
		ADDED from src\main\AndroidManifest.xml:84:13-45
	android:configChanges
		ADDED from src\main\AndroidManifest.xml:83:13-84
	android:theme
		ADDED from src\main\AndroidManifest.xml:86:13-60
	android:name
		ADDED from src\main\AndroidManifest.xml:82:13-66
activity#com.example.test.activity.PlayActivity
ADDED from src\main\AndroidManifest.xml:88:9-95:20
	android:screenOrientation
		ADDED from src\main\AndroidManifest.xml:92:13-49
	android:label
		ADDED from src\main\AndroidManifest.xml:91:13-45
	android:windowSoftInputMode
		ADDED from src\main\AndroidManifest.xml:93:13-54
	android:configChanges
		ADDED from src\main\AndroidManifest.xml:90:13-84
	android:theme
		ADDED from src\main\AndroidManifest.xml:94:13-60
	android:name
		ADDED from src\main\AndroidManifest.xml:89:13-66
activity#com.example.test.activity.NormalPlayActivity
ADDED from src\main\AndroidManifest.xml:96:9-102:20
	android:screenOrientation
		ADDED from src\main\AndroidManifest.xml:100:13-49
	android:label
		ADDED from src\main\AndroidManifest.xml:99:13-45
	android:configChanges
		ADDED from src\main\AndroidManifest.xml:98:13-84
	android:theme
		ADDED from src\main\AndroidManifest.xml:101:13-60
	android:name
		ADDED from src\main\AndroidManifest.xml:97:13-72
activity#com.example.test.activity.PlayNoSkinActivity
ADDED from src\main\AndroidManifest.xml:103:9-109:20
	android:screenOrientation
		ADDED from src\main\AndroidManifest.xml:107:13-49
	android:label
		ADDED from src\main\AndroidManifest.xml:106:13-45
	android:configChanges
		ADDED from src\main\AndroidManifest.xml:105:13-84
	android:theme
		ADDED from src\main\AndroidManifest.xml:108:13-60
	android:name
		ADDED from src\main\AndroidManifest.xml:104:13-72
activity#com.example.test.test.SkinTest
ADDED from src\main\AndroidManifest.xml:110:9-116:20
	android:screenOrientation
		ADDED from src\main\AndroidManifest.xml:114:13-49
	android:label
		ADDED from src\main\AndroidManifest.xml:113:13-45
	android:configChanges
		ADDED from src\main\AndroidManifest.xml:112:13-84
	android:theme
		ADDED from src\main\AndroidManifest.xml:115:13-60
	android:name
		ADDED from src\main\AndroidManifest.xml:111:13-58
activity#com.example.test.activity.DownloadActivity
ADDED from src\main\AndroidManifest.xml:117:9-122:20
	android:screenOrientation
		ADDED from src\main\AndroidManifest.xml:120:13-49
	android:configChanges
		ADDED from src\main\AndroidManifest.xml:119:13-84
	android:theme
		ADDED from src\main\AndroidManifest.xml:121:13-60
	android:name
		ADDED from src\main\AndroidManifest.xml:118:13-70
activity#com.example.test.activity.AdPlayerViewActivity
ADDED from src\main\AndroidManifest.xml:123:9-127:20
	android:configChanges
		ADDED from src\main\AndroidManifest.xml:125:13-99
	android:theme
		ADDED from src\main\AndroidManifest.xml:126:13-60
	android:name
		ADDED from src\main\AndroidManifest.xml:124:13-74
activity#com.example.test.activity.ListPlayerViewActivity
ADDED from src\main\AndroidManifest.xml:128:9-132:20
	android:configChanges
		ADDED from src\main\AndroidManifest.xml:130:13-99
	android:theme
		ADDED from src\main\AndroidManifest.xml:131:13-60
	android:name
		ADDED from src\main\AndroidManifest.xml:129:13-76
activity#com.example.test.activity.MorePlayerActivity
ADDED from src\main\AndroidManifest.xml:133:9-138:20
	android:screenOrientation
		ADDED from src\main\AndroidManifest.xml:136:13-50
	android:configChanges
		ADDED from src\main\AndroidManifest.xml:135:13-99
	android:theme
		ADDED from src\main\AndroidManifest.xml:137:13-60
	android:name
		ADDED from src\main\AndroidManifest.xml:134:13-72
activity#com.lecloud.ad.WebViewActivity
ADDED from src\main\AndroidManifest.xml:139:9-144:20
	android:screenOrientation
		ADDED from src\main\AndroidManifest.xml:142:13-49
	android:configChanges
		ADDED from src\main\AndroidManifest.xml:141:13-84
	android:theme
		ADDED from src\main\AndroidManifest.xml:143:13-60
	android:name
		ADDED from src\main\AndroidManifest.xml:140:13-58
activity#com.letv.skin.activity.FeedBackActivity
ADDED from src\main\AndroidManifest.xml:146:9-151:20
	android:screenOrientation
		ADDED from src\main\AndroidManifest.xml:149:13-49
	android:configChanges
		ADDED from src\main\AndroidManifest.xml:148:13-84
	android:theme
		ADDED from src\main\AndroidManifest.xml:150:13-60
	android:name
		ADDED from src\main\AndroidManifest.xml:147:13-67
service#com.letvcloud.cmf.MediaService
ADDED from src\main\AndroidManifest.xml:153:9-155:38
	android:process
		ADDED from src\main\AndroidManifest.xml:155:13-35
	android:name
		ADDED from src\main\AndroidManifest.xml:154:13-58
service#com.lecloud.download.control.LeDownloadService
ADDED from src\main\AndroidManifest.xml:157:9-161:19
	android:name
		ADDED from src\main\AndroidManifest.xml:157:18-79
intent-filter#Ledownload.service.action
ADDED from src\main\AndroidManifest.xml:158:13-160:29
action#Ledownload.service.action
ADDED from src\main\AndroidManifest.xml:159:17-68
	android:name
		ADDED from src\main\AndroidManifest.xml:159:25-65
service#com.squareup.leakcanary.internal.HeapAnalyzerService
ADDED from src\main\AndroidManifest.xml:163:9-166:45
	android:enabled
		ADDED from src\main\AndroidManifest.xml:165:13-36
	android:process
		ADDED from src\main\AndroidManifest.xml:166:13-42
	android:name
		ADDED from src\main\AndroidManifest.xml:164:13-80
service#com.squareup.leakcanary.DisplayLeakService
ADDED from src\main\AndroidManifest.xml:167:9-169:39
	android:enabled
		ADDED from src\main\AndroidManifest.xml:169:13-36
	android:name
		ADDED from src\main\AndroidManifest.xml:168:13-70